Submission ran but did not finish its execution due to the errors below. 
This does not mean the program did not execute however, it may or may not have produced some files or none: 

 Traceback (most recent call last):
  File "***Removed due to privacy***/rugby_n20851ew/./rugby_n20851ew.py", line 15, in <module>
    os.mkdir(fileout)
FileExistsError: [Errno 17] File exists: './results_rugby'

During handling of the above exception, another exception occurred:

Traceback (most recent call last):
  File "***Removed due to privacy***/rugby_n20851ew/./rugby_n20851ew.py", line 19, in <module>
    fn = open(dname, 'a')
FileNotFoundError: [Errno 2] No such file or directory: './results_rugby/test_file1_n20851ew.txt'

No files were created within the results folder. (This does not mean files were not created elsewhere)
